CRITICAL - 2020-10-02 08:25:35 --> syntax error, unexpected ''tanggal_lahir'' (T_CONSTANT_ENCAPSED_STRING), expecting ']'
#0 D:\DATA D\FOLDER KULIAH\Semester 5\PABW\pert4\vendor\codeigniter4\framework\system\Database\MigrationRunner.php(223): CodeIgniter\Database\MigrationRunner->migrate('up', Object(stdClass))
#1 D:\DATA D\FOLDER KULIAH\Semester 5\PABW\pert4\vendor\codeigniter4\framework\system\Commands\Database\Migrate.php(128): CodeIgniter\Database\MigrationRunner->latest(NULL)
#2 D:\DATA D\FOLDER KULIAH\Semester 5\PABW\pert4\vendor\codeigniter4\framework\system\CLI\Commands.php(100): CodeIgniter\Commands\Database\Migrate->run(Array)
#3 D:\DATA D\FOLDER KULIAH\Semester 5\PABW\pert4\vendor\codeigniter4\framework\system\CLI\CommandRunner.php(107): CodeIgniter\CLI\Commands->run('migrate', Array)
#4 D:\DATA D\FOLDER KULIAH\Semester 5\PABW\pert4\vendor\codeigniter4\framework\system\CLI\CommandRunner.php(85): CodeIgniter\CLI\CommandRunner->index(Array)
#5 D:\DATA D\FOLDER KULIAH\Semester 5\PABW\pert4\vendor\codeigniter4\framework\system\CodeIgniter.php(914): CodeIgniter\CLI\CommandRunner->_remap('index', 'migrate')
#6 D:\DATA D\FOLDER KULIAH\Semester 5\PABW\pert4\vendor\codeigniter4\framework\system\CodeIgniter.php(404): CodeIgniter\CodeIgniter->runController(Object(CodeIgniter\CLI\CommandRunner))
#7 D:\DATA D\FOLDER KULIAH\Semester 5\PABW\pert4\vendor\codeigniter4\framework\system\CodeIgniter.php(312): CodeIgniter\CodeIgniter->handleRequest(NULL, Object(Config\Cache), false)
#8 D:\DATA D\FOLDER KULIAH\Semester 5\PABW\pert4\vendor\codeigniter4\framework\system\CLI\Console.php(86): CodeIgniter\CodeIgniter->run()
#9 D:\DATA D\FOLDER KULIAH\Semester 5\PABW\pert4\spark(57): CodeIgniter\CLI\Console->run()
#10 {main}
CRITICAL - 2020-10-02 08:25:58 --> syntax error, unexpected '/'
#0 D:\DATA D\FOLDER KULIAH\Semester 5\PABW\pert4\vendor\codeigniter4\framework\system\Database\MigrationRunner.php(223): CodeIgniter\Database\MigrationRunner->migrate('up', Object(stdClass))
#1 D:\DATA D\FOLDER KULIAH\Semester 5\PABW\pert4\vendor\codeigniter4\framework\system\Commands\Database\Migrate.php(128): CodeIgniter\Database\MigrationRunner->latest(NULL)
#2 D:\DATA D\FOLDER KULIAH\Semester 5\PABW\pert4\vendor\codeigniter4\framework\system\CLI\Commands.php(100): CodeIgniter\Commands\Database\Migrate->run(Array)
#3 D:\DATA D\FOLDER KULIAH\Semester 5\PABW\pert4\vendor\codeigniter4\framework\system\CLI\CommandRunner.php(107): CodeIgniter\CLI\Commands->run('migrate', Array)
#4 D:\DATA D\FOLDER KULIAH\Semester 5\PABW\pert4\vendor\codeigniter4\framework\system\CLI\CommandRunner.php(85): CodeIgniter\CLI\CommandRunner->index(Array)
#5 D:\DATA D\FOLDER KULIAH\Semester 5\PABW\pert4\vendor\codeigniter4\framework\system\CodeIgniter.php(914): CodeIgniter\CLI\CommandRunner->_remap('index', 'migrate')
#6 D:\DATA D\FOLDER KULIAH\Semester 5\PABW\pert4\vendor\codeigniter4\framework\system\CodeIgniter.php(404): CodeIgniter\CodeIgniter->runController(Object(CodeIgniter\CLI\CommandRunner))
#7 D:\DATA D\FOLDER KULIAH\Semester 5\PABW\pert4\vendor\codeigniter4\framework\system\CodeIgniter.php(312): CodeIgniter\CodeIgniter->handleRequest(NULL, Object(Config\Cache), false)
#8 D:\DATA D\FOLDER KULIAH\Semester 5\PABW\pert4\vendor\codeigniter4\framework\system\CLI\Console.php(86): CodeIgniter\CodeIgniter->run()
#9 D:\DATA D\FOLDER KULIAH\Semester 5\PABW\pert4\spark(57): CodeIgniter\CLI\Console->run()
#10 {main}
CRITICAL - 2020-10-02 08:26:52 --> syntax error, unexpected '/'
#0 D:\DATA D\FOLDER KULIAH\Semester 5\PABW\pert4\vendor\codeigniter4\framework\system\Database\MigrationRunner.php(223): CodeIgniter\Database\MigrationRunner->migrate('up', Object(stdClass))
#1 D:\DATA D\FOLDER KULIAH\Semester 5\PABW\pert4\vendor\codeigniter4\framework\system\Commands\Database\Migrate.php(128): CodeIgniter\Database\MigrationRunner->latest(NULL)
#2 D:\DATA D\FOLDER KULIAH\Semester 5\PABW\pert4\vendor\codeigniter4\framework\system\CLI\Commands.php(100): CodeIgniter\Commands\Database\Migrate->run(Array)
#3 D:\DATA D\FOLDER KULIAH\Semester 5\PABW\pert4\vendor\codeigniter4\framework\system\CLI\CommandRunner.php(107): CodeIgniter\CLI\Commands->run('migrate', Array)
#4 D:\DATA D\FOLDER KULIAH\Semester 5\PABW\pert4\vendor\codeigniter4\framework\system\CLI\CommandRunner.php(85): CodeIgniter\CLI\CommandRunner->index(Array)
#5 D:\DATA D\FOLDER KULIAH\Semester 5\PABW\pert4\vendor\codeigniter4\framework\system\CodeIgniter.php(914): CodeIgniter\CLI\CommandRunner->_remap('index', 'migrate')
#6 D:\DATA D\FOLDER KULIAH\Semester 5\PABW\pert4\vendor\codeigniter4\framework\system\CodeIgniter.php(404): CodeIgniter\CodeIgniter->runController(Object(CodeIgniter\CLI\CommandRunner))
#7 D:\DATA D\FOLDER KULIAH\Semester 5\PABW\pert4\vendor\codeigniter4\framework\system\CodeIgniter.php(312): CodeIgniter\CodeIgniter->handleRequest(NULL, Object(Config\Cache), false)
#8 D:\DATA D\FOLDER KULIAH\Semester 5\PABW\pert4\vendor\codeigniter4\framework\system\CLI\Console.php(86): CodeIgniter\CodeIgniter->run()
#9 D:\DATA D\FOLDER KULIAH\Semester 5\PABW\pert4\spark(57): CodeIgniter\CLI\Console->run()
#10 {main}
CRITICAL - 2020-10-02 08:49:48 --> Field `kode_agama` not found.
#0 D:\DATA D\FOLDER KULIAH\Semester 5\PABW\pert4\app\Database\Migrations\2020-10-02-130809_Mahasiswa.php(45): CodeIgniter\Database\Forge->addForeignKey('kode_agama', 'agama', 'kode_agama', 'CASCADE', 'CASCADE')
#1 D:\DATA D\FOLDER KULIAH\Semester 5\PABW\pert4\vendor\codeigniter4\framework\system\Database\MigrationRunner.php(1060): App\Database\Migrations\Mahasiswa->up()
#2 D:\DATA D\FOLDER KULIAH\Semester 5\PABW\pert4\vendor\codeigniter4\framework\system\Database\MigrationRunner.php(223): CodeIgniter\Database\MigrationRunner->migrate('up', Object(stdClass))
#3 D:\DATA D\FOLDER KULIAH\Semester 5\PABW\pert4\vendor\codeigniter4\framework\system\Commands\Database\Migrate.php(128): CodeIgniter\Database\MigrationRunner->latest(NULL)
#4 D:\DATA D\FOLDER KULIAH\Semester 5\PABW\pert4\vendor\codeigniter4\framework\system\CLI\Commands.php(100): CodeIgniter\Commands\Database\Migrate->run(Array)
#5 D:\DATA D\FOLDER KULIAH\Semester 5\PABW\pert4\vendor\codeigniter4\framework\system\CLI\BaseCommand.php(155): CodeIgniter\CLI\Commands->run('migrate', Array)
#6 D:\DATA D\FOLDER KULIAH\Semester 5\PABW\pert4\vendor\codeigniter4\framework\system\Commands\Database\MigrateRefresh.php(124): CodeIgniter\CLI\BaseCommand->call('migrate')
#7 D:\DATA D\FOLDER KULIAH\Semester 5\PABW\pert4\vendor\codeigniter4\framework\system\CLI\Commands.php(100): CodeIgniter\Commands\Database\MigrateRefresh->run(Array)
#8 D:\DATA D\FOLDER KULIAH\Semester 5\PABW\pert4\vendor\codeigniter4\framework\system\CLI\CommandRunner.php(107): CodeIgniter\CLI\Commands->run('migrate:refresh', Array)
#9 D:\DATA D\FOLDER KULIAH\Semester 5\PABW\pert4\vendor\codeigniter4\framework\system\CLI\CommandRunner.php(85): CodeIgniter\CLI\CommandRunner->index(Array)
#10 D:\DATA D\FOLDER KULIAH\Semester 5\PABW\pert4\vendor\codeigniter4\framework\system\CodeIgniter.php(914): CodeIgniter\CLI\CommandRunner->_remap('index', 'migrate:refresh')
#11 D:\DATA D\FOLDER KULIAH\Semester 5\PABW\pert4\vendor\codeigniter4\framework\system\CodeIgniter.php(404): CodeIgniter\CodeIgniter->runController(Object(CodeIgniter\CLI\CommandRunner))
#12 D:\DATA D\FOLDER KULIAH\Semester 5\PABW\pert4\vendor\codeigniter4\framework\system\CodeIgniter.php(312): CodeIgniter\CodeIgniter->handleRequest(NULL, Object(Config\Cache), false)
#13 D:\DATA D\FOLDER KULIAH\Semester 5\PABW\pert4\vendor\codeigniter4\framework\system\CLI\Console.php(86): CodeIgniter\CodeIgniter->run()
#14 D:\DATA D\FOLDER KULIAH\Semester 5\PABW\pert4\spark(57): CodeIgniter\CLI\Console->run()
#15 {main}
CRITICAL - 2020-10-02 08:53:00 --> Field `kode_agama` not found.
#0 D:\DATA D\FOLDER KULIAH\Semester 5\PABW\pert4\app\Database\Migrations\2020-10-02-130809_Mahasiswa.php(45): CodeIgniter\Database\Forge->addForeignKey('kode_agama', 'agama', 'kode_agama', 'CASCADE', 'CASCADE')
#1 D:\DATA D\FOLDER KULIAH\Semester 5\PABW\pert4\vendor\codeigniter4\framework\system\Database\MigrationRunner.php(1060): App\Database\Migrations\Mahasiswa->up()
#2 D:\DATA D\FOLDER KULIAH\Semester 5\PABW\pert4\vendor\codeigniter4\framework\system\Database\MigrationRunner.php(223): CodeIgniter\Database\MigrationRunner->migrate('up', Object(stdClass))
#3 D:\DATA D\FOLDER KULIAH\Semester 5\PABW\pert4\vendor\codeigniter4\framework\system\Commands\Database\Migrate.php(128): CodeIgniter\Database\MigrationRunner->latest(NULL)
#4 D:\DATA D\FOLDER KULIAH\Semester 5\PABW\pert4\vendor\codeigniter4\framework\system\CLI\Commands.php(100): CodeIgniter\Commands\Database\Migrate->run(Array)
#5 D:\DATA D\FOLDER KULIAH\Semester 5\PABW\pert4\vendor\codeigniter4\framework\system\CLI\BaseCommand.php(155): CodeIgniter\CLI\Commands->run('migrate', Array)
#6 D:\DATA D\FOLDER KULIAH\Semester 5\PABW\pert4\vendor\codeigniter4\framework\system\Commands\Database\MigrateRefresh.php(124): CodeIgniter\CLI\BaseCommand->call('migrate')
#7 D:\DATA D\FOLDER KULIAH\Semester 5\PABW\pert4\vendor\codeigniter4\framework\system\CLI\Commands.php(100): CodeIgniter\Commands\Database\MigrateRefresh->run(Array)
#8 D:\DATA D\FOLDER KULIAH\Semester 5\PABW\pert4\vendor\codeigniter4\framework\system\CLI\CommandRunner.php(107): CodeIgniter\CLI\Commands->run('migrate:refresh', Array)
#9 D:\DATA D\FOLDER KULIAH\Semester 5\PABW\pert4\vendor\codeigniter4\framework\system\CLI\CommandRunner.php(85): CodeIgniter\CLI\CommandRunner->index(Array)
#10 D:\DATA D\FOLDER KULIAH\Semester 5\PABW\pert4\vendor\codeigniter4\framework\system\CodeIgniter.php(914): CodeIgniter\CLI\CommandRunner->_remap('index', 'migrate:refresh')
#11 D:\DATA D\FOLDER KULIAH\Semester 5\PABW\pert4\vendor\codeigniter4\framework\system\CodeIgniter.php(404): CodeIgniter\CodeIgniter->runController(Object(CodeIgniter\CLI\CommandRunner))
#12 D:\DATA D\FOLDER KULIAH\Semester 5\PABW\pert4\vendor\codeigniter4\framework\system\CodeIgniter.php(312): CodeIgniter\CodeIgniter->handleRequest(NULL, Object(Config\Cache), false)
#13 D:\DATA D\FOLDER KULIAH\Semester 5\PABW\pert4\vendor\codeigniter4\framework\system\CLI\Console.php(86): CodeIgniter\CodeIgniter->run()
#14 D:\DATA D\FOLDER KULIAH\Semester 5\PABW\pert4\spark(57): CodeIgniter\CLI\Console->run()
#15 {main}
