CRITICAL - 2020-10-20 08:52:21 --> Unable to connect to the database.
#0 D:\DATA D\FOLDER KULIAH\Semester 5\PABW\pert6\vendor\codeigniter4\framework\system\Database\BaseConnection.php(646): CodeIgniter\Database\BaseConnection->initialize()
#1 D:\DATA D\FOLDER KULIAH\Semester 5\PABW\pert6\vendor\codeigniter4\framework\system\Database\BaseBuilder.php(1860): CodeIgniter\Database\BaseConnection->query('SELECT *\nFROM `...', Array, false)
#2 D:\DATA D\FOLDER KULIAH\Semester 5\PABW\pert6\app\Models\Program_Studi_Model.php(18): CodeIgniter\Database\BaseBuilder->get()
#3 D:\DATA D\FOLDER KULIAH\Semester 5\PABW\pert6\app\Controllers\Program_Studi.php(19): App\Models\Program_Studi_Model->get()
#4 D:\DATA D\FOLDER KULIAH\Semester 5\PABW\pert6\vendor\codeigniter4\framework\system\CodeIgniter.php(918): App\Controllers\Program_Studi->index()
#5 D:\DATA D\FOLDER KULIAH\Semester 5\PABW\pert6\vendor\codeigniter4\framework\system\CodeIgniter.php(404): CodeIgniter\CodeIgniter->runController(Object(App\Controllers\Program_Studi))
#6 D:\DATA D\FOLDER KULIAH\Semester 5\PABW\pert6\vendor\codeigniter4\framework\system\CodeIgniter.php(312): CodeIgniter\CodeIgniter->handleRequest(NULL, Object(Config\Cache), false)
#7 D:\DATA D\FOLDER KULIAH\Semester 5\PABW\pert6\public\index.php(45): CodeIgniter\CodeIgniter->run()
#8 D:\DATA D\FOLDER KULIAH\Semester 5\PABW\pert6\vendor\codeigniter4\framework\system\Commands\Server\rewrite.php(34): require_once('D:\\DATA D\\FOLDE...')
#9 {main}
CRITICAL - 2020-10-20 09:03:54 --> Unable to connect to the database.
#0 D:\DATA D\FOLDER KULIAH\Semester 5\PABW\pert6\vendor\codeigniter4\framework\system\Database\BaseConnection.php(646): CodeIgniter\Database\BaseConnection->initialize()
#1 D:\DATA D\FOLDER KULIAH\Semester 5\PABW\pert6\vendor\codeigniter4\framework\system\Database\BaseBuilder.php(1860): CodeIgniter\Database\BaseConnection->query('SELECT *\nFROM `...', Array, false)
#2 D:\DATA D\FOLDER KULIAH\Semester 5\PABW\pert6\app\Models\Program_Studi_Model.php(18): CodeIgniter\Database\BaseBuilder->get()
#3 D:\DATA D\FOLDER KULIAH\Semester 5\PABW\pert6\app\Controllers\Program_Studi.php(18): App\Models\Program_Studi_Model->get()
#4 D:\DATA D\FOLDER KULIAH\Semester 5\PABW\pert6\vendor\codeigniter4\framework\system\CodeIgniter.php(918): App\Controllers\Program_Studi->index()
#5 D:\DATA D\FOLDER KULIAH\Semester 5\PABW\pert6\vendor\codeigniter4\framework\system\CodeIgniter.php(404): CodeIgniter\CodeIgniter->runController(Object(App\Controllers\Program_Studi))
#6 D:\DATA D\FOLDER KULIAH\Semester 5\PABW\pert6\vendor\codeigniter4\framework\system\CodeIgniter.php(312): CodeIgniter\CodeIgniter->handleRequest(NULL, Object(Config\Cache), false)
#7 D:\DATA D\FOLDER KULIAH\Semester 5\PABW\pert6\public\index.php(45): CodeIgniter\CodeIgniter->run()
#8 D:\DATA D\FOLDER KULIAH\Semester 5\PABW\pert6\vendor\codeigniter4\framework\system\Commands\Server\rewrite.php(34): require_once('D:\\DATA D\\FOLDE...')
#9 {main}
CRITICAL - 2020-10-20 09:12:55 --> Unable to connect to the database.
#0 D:\DATA D\FOLDER KULIAH\Semester 5\PABW\pert6\vendor\codeigniter4\framework\system\Database\BaseConnection.php(646): CodeIgniter\Database\BaseConnection->initialize()
#1 D:\DATA D\FOLDER KULIAH\Semester 5\PABW\pert6\vendor\codeigniter4\framework\system\Database\BaseBuilder.php(1860): CodeIgniter\Database\BaseConnection->query('SELECT *\nFROM `...', Array, false)
#2 D:\DATA D\FOLDER KULIAH\Semester 5\PABW\pert6\app\Models\Program_Studi_Model.php(18): CodeIgniter\Database\BaseBuilder->get()
#3 D:\DATA D\FOLDER KULIAH\Semester 5\PABW\pert6\app\Controllers\Program_Studi.php(18): App\Models\Program_Studi_Model->get()
#4 D:\DATA D\FOLDER KULIAH\Semester 5\PABW\pert6\vendor\codeigniter4\framework\system\CodeIgniter.php(918): App\Controllers\Program_Studi->index()
#5 D:\DATA D\FOLDER KULIAH\Semester 5\PABW\pert6\vendor\codeigniter4\framework\system\CodeIgniter.php(404): CodeIgniter\CodeIgniter->runController(Object(App\Controllers\Program_Studi))
#6 D:\DATA D\FOLDER KULIAH\Semester 5\PABW\pert6\vendor\codeigniter4\framework\system\CodeIgniter.php(312): CodeIgniter\CodeIgniter->handleRequest(NULL, Object(Config\Cache), false)
#7 D:\DATA D\FOLDER KULIAH\Semester 5\PABW\pert6\public\index.php(45): CodeIgniter\CodeIgniter->run()
#8 D:\DATA D\FOLDER KULIAH\Semester 5\PABW\pert6\vendor\codeigniter4\framework\system\Commands\Server\rewrite.php(34): require_once('D:\\DATA D\\FOLDE...')
#9 {main}
CRITICAL - 2020-10-20 09:14:56 --> Unable to connect to the database.
#0 D:\DATA D\FOLDER KULIAH\Semester 5\PABW\pert6\vendor\codeigniter4\framework\system\Database\BaseConnection.php(646): CodeIgniter\Database\BaseConnection->initialize()
#1 D:\DATA D\FOLDER KULIAH\Semester 5\PABW\pert6\vendor\codeigniter4\framework\system\Database\BaseBuilder.php(1860): CodeIgniter\Database\BaseConnection->query('SELECT *\nFROM `...', Array, false)
#2 D:\DATA D\FOLDER KULIAH\Semester 5\PABW\pert6\app\Models\Program_Studi_Model.php(18): CodeIgniter\Database\BaseBuilder->get()
#3 D:\DATA D\FOLDER KULIAH\Semester 5\PABW\pert6\app\Controllers\Program_Studi.php(18): App\Models\Program_Studi_Model->get()
#4 D:\DATA D\FOLDER KULIAH\Semester 5\PABW\pert6\vendor\codeigniter4\framework\system\CodeIgniter.php(918): App\Controllers\Program_Studi->index()
#5 D:\DATA D\FOLDER KULIAH\Semester 5\PABW\pert6\vendor\codeigniter4\framework\system\CodeIgniter.php(404): CodeIgniter\CodeIgniter->runController(Object(App\Controllers\Program_Studi))
#6 D:\DATA D\FOLDER KULIAH\Semester 5\PABW\pert6\vendor\codeigniter4\framework\system\CodeIgniter.php(312): CodeIgniter\CodeIgniter->handleRequest(NULL, Object(Config\Cache), false)
#7 D:\DATA D\FOLDER KULIAH\Semester 5\PABW\pert6\public\index.php(45): CodeIgniter\CodeIgniter->run()
#8 D:\DATA D\FOLDER KULIAH\Semester 5\PABW\pert6\vendor\codeigniter4\framework\system\Commands\Server\rewrite.php(34): require_once('D:\\DATA D\\FOLDE...')
#9 {main}
CRITICAL - 2020-10-20 09:18:08 --> Unable to connect to the database.
#0 D:\DATA D\FOLDER KULIAH\Semester 5\PABW\pert6\vendor\codeigniter4\framework\system\Database\BaseConnection.php(646): CodeIgniter\Database\BaseConnection->initialize()
#1 D:\DATA D\FOLDER KULIAH\Semester 5\PABW\pert6\vendor\codeigniter4\framework\system\Database\BaseBuilder.php(1860): CodeIgniter\Database\BaseConnection->query('SELECT *\nFROM `...', Array, false)
#2 D:\DATA D\FOLDER KULIAH\Semester 5\PABW\pert6\app\Models\Program_Studi_Model.php(18): CodeIgniter\Database\BaseBuilder->get()
#3 D:\DATA D\FOLDER KULIAH\Semester 5\PABW\pert6\app\Controllers\Program_Studi.php(18): App\Models\Program_Studi_Model->get()
#4 D:\DATA D\FOLDER KULIAH\Semester 5\PABW\pert6\vendor\codeigniter4\framework\system\CodeIgniter.php(918): App\Controllers\Program_Studi->index()
#5 D:\DATA D\FOLDER KULIAH\Semester 5\PABW\pert6\vendor\codeigniter4\framework\system\CodeIgniter.php(404): CodeIgniter\CodeIgniter->runController(Object(App\Controllers\Program_Studi))
#6 D:\DATA D\FOLDER KULIAH\Semester 5\PABW\pert6\vendor\codeigniter4\framework\system\CodeIgniter.php(312): CodeIgniter\CodeIgniter->handleRequest(NULL, Object(Config\Cache), false)
#7 D:\DATA D\FOLDER KULIAH\Semester 5\PABW\pert6\public\index.php(45): CodeIgniter\CodeIgniter->run()
#8 D:\DATA D\FOLDER KULIAH\Semester 5\PABW\pert6\vendor\codeigniter4\framework\system\Commands\Server\rewrite.php(34): require_once('D:\\DATA D\\FOLDE...')
#9 {main}
CRITICAL - 2020-10-20 09:28:14 --> Unable to connect to the database.
#0 D:\DATA D\FOLDER KULIAH\Semester 5\PABW\pert6\vendor\codeigniter4\framework\system\Database\BaseConnection.php(646): CodeIgniter\Database\BaseConnection->initialize()
#1 D:\DATA D\FOLDER KULIAH\Semester 5\PABW\pert6\vendor\codeigniter4\framework\system\Database\BaseBuilder.php(1860): CodeIgniter\Database\BaseConnection->query('SELECT *\nFROM `...', Array, false)
#2 D:\DATA D\FOLDER KULIAH\Semester 5\PABW\pert6\app\Models\Program_Studi_Model.php(18): CodeIgniter\Database\BaseBuilder->get()
#3 D:\DATA D\FOLDER KULIAH\Semester 5\PABW\pert6\app\Controllers\Program_Studi.php(18): App\Models\Program_Studi_Model->get()
#4 D:\DATA D\FOLDER KULIAH\Semester 5\PABW\pert6\vendor\codeigniter4\framework\system\CodeIgniter.php(918): App\Controllers\Program_Studi->index()
#5 D:\DATA D\FOLDER KULIAH\Semester 5\PABW\pert6\vendor\codeigniter4\framework\system\CodeIgniter.php(404): CodeIgniter\CodeIgniter->runController(Object(App\Controllers\Program_Studi))
#6 D:\DATA D\FOLDER KULIAH\Semester 5\PABW\pert6\vendor\codeigniter4\framework\system\CodeIgniter.php(312): CodeIgniter\CodeIgniter->handleRequest(NULL, Object(Config\Cache), false)
#7 D:\DATA D\FOLDER KULIAH\Semester 5\PABW\pert6\public\index.php(45): CodeIgniter\CodeIgniter->run()
#8 D:\DATA D\FOLDER KULIAH\Semester 5\PABW\pert6\vendor\codeigniter4\framework\system\Commands\Server\rewrite.php(34): require_once('D:\\DATA D\\FOLDE...')
#9 {main}
